src/app/api/checkout/route.ts(26,31): error TS2339: Property 'stripe_customer_id' does not exist on type 'never'.
src/app/api/checkout/route.ts(31,24): error TS2339: Property 'full_name' does not exist on type 'never'.
src/app/api/checkout/route.ts(41,17): error TS2345: Argument of type '{ stripe_customer_id: any; }' is not assignable to parameter of type 'never'.
src/app/api/webhooks/stripe/route.ts(39,21): error TS2345: Argument of type '{ is_verified: boolean; plan_type: string; stripe_subscription_id: any; }' is not assignable to parameter of type 'never'.
src/app/api/webhooks/stripe/route.ts(53,21): error TS2345: Argument of type '{ is_verified: boolean; plan_type: string; stripe_subscription_id: null; }' is not assignable to parameter of type 'never'.
src/app/ledger/page.tsx(105,15): error TS2345: Argument of type '{ show_verified_badge: boolean; }' is not assignable to parameter of type 'never'.
src/app/ledger/page.tsx(134,32): error TS2698: Spread types may only be created from object types.
src/app/ledger/page.tsx(135,31): error TS2698: Spread types may only be created from object types.
src/app/ledger/page.tsx(141,64): error TS2339: Property 'emotion' does not exist on type 'never'.
src/app/profiles/[id]/page.tsx(11,21): error TS2339: Property 'username' does not exist on type 'never'.
src/app/profiles/[id]/page.tsx(11,44): error TS2339: Property 'username' does not exist on type 'never'.
src/app/profiles/[id]/page.tsx(12,35): error TS2339: Property 'username' does not exist on type 'never'.
src/app/profiles/[id]/ProfileClient.tsx(7,129): error TS2305: Module '"react-icons/hi2"' has no exported member 'HiHandHeart'.
src/app/profiles/[id]/ProfileClient.tsx(146,10): error TS2769: No overload matches this call.
  Overload 1 of 2, '(values: never, options?: { count?: "exact" | "planned" | "estimated" | undefined; } | undefined): PostgrestFilterBuilder<{ PostgrestVersion: "12"; }, never, never, null, "follows", never, "POST">', gave the following error.
    Argument of type '{ follower_id: string; following_id: string; }[]' is not assignable to parameter of type 'never'.
  Overload 2 of 2, '(values: never[], options?: { count?: "exact" | "planned" | "estimated" | undefined; defaultToNull?: boolean | undefined; } | undefined): PostgrestFilterBuilder<{ PostgrestVersion: "12"; }, never, never, null, "follows", never, "POST">', gave the following error.
    Type '{ follower_id: string; following_id: string; }' is not assignable to type 'never'.
src/app/profiles/page.tsx(44,41): error TS2339: Property 'following_id' does not exist on type 'never'.
src/app/profiles/page.tsx(80,12): error TS2769: No overload matches this call.
  Overload 1 of 2, '(values: never, options?: { count?: "exact" | "planned" | "estimated" | undefined; } | undefined): PostgrestFilterBuilder<{ PostgrestVersion: "12"; }, never, never, null, "follows", never, "POST">', gave the following error.
    Argument of type '{ follower_id: string; following_id: string; }' is not assignable to parameter of type 'never'.
  Overload 2 of 2, '(values: never[], options?: { count?: "exact" | "planned" | "estimated" | undefined; defaultToNull?: boolean | undefined; } | undefined): PostgrestFilterBuilder<{ PostgrestVersion: "12"; }, never, never, null, "follows", never, "POST">', gave the following error.
    Object literal may only specify known properties, and 'follower_id' does not exist in type 'never[]'.
src/app/profiles/page.tsx(114,53): error TS2339: Property 'following_id' does not exist on type 'never'.
src/app/profiles/page.tsx(137,28): error TS2339: Property 'id' does not exist on type 'never'.
src/app/profiles/page.tsx(137,80): error TS2339: Property 'id' does not exist on type 'never'.
src/app/search/page.tsx(45,95): error TS2339: Property 'following_id' does not exist on type 'never'.
src/app/search/page.tsx(46,94): error TS2339: Property 'follower_id' does not exist on type 'never'.
src/app/search/page.tsx(61,62): error TS2769: No overload matches this call.
  Overload 1 of 2, '(values: never, options?: { count?: "exact" | "planned" | "estimated" | undefined; } | undefined): PostgrestFilterBuilder<{ PostgrestVersion: "12"; }, never, never, null, "follows", never, "POST">', gave the following error.
    Argument of type '{ follower_id: string; following_id: string; }[]' is not assignable to parameter of type 'never'.
  Overload 2 of 2, '(values: never[], options?: { count?: "exact" | "planned" | "estimated" | undefined; defaultToNull?: boolean | undefined; } | undefined): PostgrestFilterBuilder<{ PostgrestVersion: "12"; }, never, never, null, "follows", never, "POST">', gave the following error.
    Type '{ follower_id: string; following_id: string; }' is not assignable to type 'never'.
src/components/Map.tsx(317,22): error TS7006: Parameter 'vent' implicitly has an 'any' type.
src/components/Map.tsx(317,28): error TS7006: Parameter 'index' implicitly has an 'any' type.
src/components/Map.tsx(341,42): error TS7006: Parameter 'v' implicitly has an 'any' type.
src/components/Map.tsx(341,45): error TS7006: Parameter 'i' implicitly has an 'any' type.
src/components/RecommendedSignals.tsx(95,56): error TS2769: No overload matches this call.
  Overload 1 of 2, '(values: never, options?: { count?: "exact" | "planned" | "estimated" | undefined; } | undefined): PostgrestFilterBuilder<{ PostgrestVersion: "12"; }, never, never, null, "follows", never, "POST">', gave the following error.
    Argument of type '{ follower_id: string; following_id: string; }' is not assignable to parameter of type 'never'.
  Overload 2 of 2, '(values: never[], options?: { count?: "exact" | "planned" | "estimated" | undefined; defaultToNull?: boolean | undefined; } | undefined): PostgrestFilterBuilder<{ PostgrestVersion: "12"; }, never, never, null, "follows", never, "POST">', gave the following error.
    Object literal may only specify known properties, and 'follower_id' does not exist in type 'never[]'.
src/components/VentFeed.tsx(356,9): error TS2304: Cannot find name 'mutateVents'.
src/components/VentFeed.tsx(363,9): error TS2304: Cannot find name 'mutateVents'.
src/components/VentFeed.tsx(370,9): error TS2304: Cannot find name 'mutateVents'.
src/components/VentFeed.tsx(485,22): error TS2304: Cannot find name 'RiPulseLine'.
src/components/VentFeed.tsx(958,50): error TS2339: Property 'following_id' does not exist on type 'never'.
src/components/VentFeed.tsx(1075,10): error TS2769: No overload matches this call.
  Overload 1 of 2, '(values: never, options?: { onConflict?: string | undefined; ignoreDuplicates?: boolean | undefined; count?: "exact" | "planned" | "estimated" | undefined; } | undefined): PostgrestFilterBuilder<{ ...; }, ... 5 more ..., "POST">', gave the following error.
    Argument of type '{ vent_id: string; user_id: string; type: string; }' is not assignable to parameter of type 'never'.
  Overload 2 of 2, '(values: never[], options?: { onConflict?: string | undefined; ignoreDuplicates?: boolean | undefined; count?: "exact" | "planned" | "estimated" | undefined; defaultToNull?: boolean | undefined; } | undefined): PostgrestFilterBuilder<...>', gave the following error.
    Object literal may only specify known properties, and 'vent_id' does not exist in type 'never[]'.
src/components/VentFeed.tsx(1116,10): error TS2769: No overload matches this call.
  Overload 1 of 2, '(values: never, options?: { count?: "exact" | "planned" | "estimated" | undefined; } | undefined): PostgrestFilterBuilder<{ PostgrestVersion: "12"; }, never, never, null, "follows", never, "POST">', gave the following error.
    Argument of type '{ follower_id: string; following_id: string; }[]' is not assignable to parameter of type 'never'.
  Overload 2 of 2, '(values: never[], options?: { count?: "exact" | "planned" | "estimated" | undefined; defaultToNull?: boolean | undefined; } | undefined): PostgrestFilterBuilder<{ PostgrestVersion: "12"; }, never, never, null, "follows", never, "POST">', gave the following error.
    Type '{ follower_id: string; following_id: string; }' is not assignable to type 'never'.
src/components/VentFeed.tsx(1127,9): error TS2304: Cannot find name 'toast'.
src/components/VentFeed.tsx(1137,10): error TS2769: No overload matches this call.
  Overload 1 of 2, '(values: never, options?: { count?: "exact" | "planned" | "estimated" | undefined; } | undefined): PostgrestFilterBuilder<{ PostgrestVersion: "12"; }, never, never, null, "pulse_shares", never, "POST">', gave the following error.
    Argument of type '{ user_id: string; vent_id: any; }[]' is not assignable to parameter of type 'never'.
  Overload 2 of 2, '(values: never[], options?: { count?: "exact" | "planned" | "estimated" | undefined; defaultToNull?: boolean | undefined; } | undefined): PostgrestFilterBuilder<{ PostgrestVersion: "12"; }, never, never, null, "pulse_shares", never, "POST">', gave the following error.
    Type '{ user_id: string; vent_id: any; }' is not assignable to type 'never'.
src/components/VentFeed.tsx(1140,9): error TS2304: Cannot find name 'toast'.
src/components/VentFeed.tsx(1143,9): error TS2304: Cannot find name 'toast'.
src/components/VentFeed.tsx(1145,9): error TS2304: Cannot find name 'toast'.
src/components/VentFeed.tsx(1221,59): error TS2339: Property 'following_id' does not exist on type 'never'.
src/components/VentFeed.tsx(1224,58): error TS2339: Property 'follower_id' does not exist on type 'never'.
src/components/VentFeed.tsx(1324,15): error TS2322: Type 'unknown' is not assignable to type 'Key | null | undefined'.
src/components/VentFeed.tsx(1325,49): error TS2345: Argument of type 'unknown' is not assignable to parameter of type 'SetStateAction<string>'.
src/components/VentFeed.tsx(1333,15): error TS2322: Type 'unknown' is not assignable to type 'ReactNode'.
src/components/VentFeed.tsx(1340,29): error TS7006: Parameter 'vent' implicitly has an 'any' type.
src/components/VentFeed.tsx(1340,35): error TS7006: Parameter 'index' implicitly has an 'any' type.
src/libs/stripe.ts(4,3): error TS2322: Type '"2025-02-24-preview"' is not assignable to type '"2026-02-25.clover"'.
